2021-12-28 06:44:06.265  INFO 4044 --- [restartedMain] c.b.e.EmployeePayRollAppApplication      : Starting EmployeePayRollAppApplication using Java 17.0.1 on Kiran with PID 4044 (E:\Spring\EmployeePayRollApp\target\classes started by Ki ran in E:\Spring\EmployeePayRollApp)
2021-12-28 06:44:06.279 DEBUG 4044 --- [restartedMain] c.b.e.EmployeePayRollAppApplication      : Running with Spring Boot v2.6.2, Spring v5.3.14
2021-12-28 06:44:06.281  INFO 4044 --- [restartedMain] c.b.e.EmployeePayRollAppApplication      : The following profiles are active: DEV
2021-12-28 06:44:12.737  WARN 4044 --- [restartedMain] JpaBaseConfiguration$JpaWebConfiguration : spring.jpa.open-in-view is enabled by default. Therefore, database queries may be performed during view rendering. Explicitly configure spring.jpa.open-in-view to disable this warning
2021-12-28 06:44:13.422  INFO 4044 --- [restartedMain] c.b.e.EmployeePayRollAppApplication      : Started EmployeePayRollAppApplication in 7.959 seconds (JVM running for 9.089)
2021-12-28 06:44:13.435  INFO 4044 --- [restartedMain] c.b.e.EmployeePayRollAppApplication      : Employee Payroll App Started in DEV Environment
2021-12-28 06:44:13.444  INFO 4044 --- [restartedMain] c.b.e.EmployeePayRollAppApplication      : Employee Payroll DB User is payrolluser Environment
2021-12-28 06:44:27.305  WARN 4044 --- [http-nio-8080-exec-1] .w.s.m.s.DefaultHandlerExceptionResolver : Resolved [org.springframework.web.bind.MethodArgumentNotValidException: Validation failed for argument [0] in public org.springframework.http.ResponseEntity<com.bridgelabz.employeepayrollapp.dto.ResponseDTO> com.bridgelabz.employeepayrollapp.controller.EmployeePayRollController.addEmployeePayRollData(com.bridgelabz.employeepayrollapp.dto.EmployeePayRollDTO): [Field error in object 'employeePayRollDTO' on field 'name': rejected value [Sreyas Kumar]; codes [Pattern.employeePayRollDTO.name,Pattern.name,Pattern.java.lang.String,Pattern]; arguments [org.springframework.context.support.DefaultMessageSourceResolvable: codes [employeePayRollDTO.name,name]; arguments []; default message [name],[Ljavax.validation.constraints.Pattern$Flag;@66b400bb,^[A-Z]{1}[a-zA-Z\$]{2,}$]; default message [Employee name Invalid]] ]
2021-12-28 06:45:11.564  WARN 4044 --- [http-nio-8080-exec-5] .w.s.m.s.DefaultHandlerExceptionResolver : Resolved [org.springframework.web.bind.MethodArgumentNotValidException: Validation failed for argument [1] in public org.springframework.http.ResponseEntity<com.bridgelabz.employeepayrollapp.dto.ResponseDTO> com.bridgelabz.employeepayrollapp.controller.EmployeePayRollController.updatingEmployeePayRollData(int,com.bridgelabz.employeepayrollapp.dto.EmployeePayRollDTO): [Field error in object 'employeePayRollDTO' on field 'name': rejected value [kiran]; codes [Pattern.employeePayRollDTO.name,Pattern.name,Pattern.java.lang.String,Pattern]; arguments [org.springframework.context.support.DefaultMessageSourceResolvable: codes [employeePayRollDTO.name,name]; arguments []; default message [name],[Ljavax.validation.constraints.Pattern$Flag;@66b400bb,^[A-Z]{1}[a-zA-Z\$]{2,}$]; default message [Employee name Invalid]] ]
2021-12-28 06:52:02.313  INFO 33984 --- [restartedMain] c.b.e.EmployeePayRollAppApplication      : Starting EmployeePayRollAppApplication using Java 17.0.1 on Kiran with PID 33984 (E:\Spring\EmployeePayRollApp\target\classes started by Ki ran in E:\Spring\EmployeePayRollApp)
2021-12-28 06:52:02.318 DEBUG 33984 --- [restartedMain] c.b.e.EmployeePayRollAppApplication      : Running with Spring Boot v2.6.2, Spring v5.3.14
2021-12-28 06:52:02.320  INFO 33984 --- [restartedMain] c.b.e.EmployeePayRollAppApplication      : The following profiles are active: DEV
2021-12-28 06:52:07.994  WARN 33984 --- [restartedMain] JpaBaseConfiguration$JpaWebConfiguration : spring.jpa.open-in-view is enabled by default. Therefore, database queries may be performed during view rendering. Explicitly configure spring.jpa.open-in-view to disable this warning
2021-12-28 06:52:08.677  INFO 33984 --- [restartedMain] c.b.e.EmployeePayRollAppApplication      : Started EmployeePayRollAppApplication in 7.173 seconds (JVM running for 8.176)
2021-12-28 06:52:08.687  INFO 33984 --- [restartedMain] c.b.e.EmployeePayRollAppApplication      : Employee Payroll App Started in DEV Environment
2021-12-28 06:52:08.691  INFO 33984 --- [restartedMain] c.b.e.EmployeePayRollAppApplication      : Employee Payroll DB User is payrolluser Environment
2021-12-28 06:52:15.806  WARN 33984 --- [http-nio-8080-exec-1] .m.m.a.ExceptionHandlerExceptionResolver : Resolved [org.springframework.web.bind.MethodArgumentNotValidException: Validation failed for argument [0] in public org.springframework.http.ResponseEntity<com.bridgelabz.employeepayrollapp.dto.ResponseDTO> com.bridgelabz.employeepayrollapp.controller.EmployeePayRollController.addEmployeePayRollData(com.bridgelabz.employeepayrollapp.dto.EmployeePayRollDTO): [Field error in object 'employeePayRollDTO' on field 'name': rejected value [sreyas]; codes [Pattern.employeePayRollDTO.name,Pattern.name,Pattern.java.lang.String,Pattern]; arguments [org.springframework.context.support.DefaultMessageSourceResolvable: codes [employeePayRollDTO.name,name]; arguments []; default message [name],[Ljavax.validation.constraints.Pattern$Flag;@42a6e999,^[A-Z]{1}[a-zA-Z\$]{2,}$]; default message [Employee name Invalid]] ]
2021-12-28 06:52:28.146  WARN 33984 --- [http-nio-8080-exec-4] .m.m.a.ExceptionHandlerExceptionResolver : Resolved [org.springframework.web.bind.MethodArgumentNotValidException: Validation failed for argument [0] in public org.springframework.http.ResponseEntity<com.bridgelabz.employeepayrollapp.dto.ResponseDTO> com.bridgelabz.employeepayrollapp.controller.EmployeePayRollController.addEmployeePayRollData(com.bridgelabz.employeepayrollapp.dto.EmployeePayRollDTO) with 2 errors: [Field error in object 'employeePayRollDTO' on field 'salary': rejected value [30]; codes [Min.employeePayRollDTO.salary,Min.salary,Min.long,Min]; arguments [org.springframework.context.support.DefaultMessageSourceResolvable: codes [employeePayRollDTO.salary,salary]; arguments []; default message [salary],500]; default message [Min wage is not more than 500]] [Field error in object 'employeePayRollDTO' on field 'name': rejected value [sreyas]; codes [Pattern.employeePayRollDTO.name,Pattern.name,Pattern.java.lang.String,Pattern]; arguments [org.springframework.context.support.DefaultMessageSourceResolvable: codes [employeePayRollDTO.name,name]; arguments []; default message [name],[Ljavax.validation.constraints.Pattern$Flag;@42a6e999,^[A-Z]{1}[a-zA-Z\$]{2,}$]; default message [Employee name Invalid]] ]
2021-12-28 07:03:23.029  INFO 36556 --- [restartedMain] c.b.e.EmployeePayRollAppApplication      : Starting EmployeePayRollAppApplication using Java 17.0.1 on Kiran with PID 36556 (E:\Spring\EmployeePayRollApp\target\classes started by Ki ran in E:\Spring\EmployeePayRollApp)
2021-12-28 07:03:23.036 DEBUG 36556 --- [restartedMain] c.b.e.EmployeePayRollAppApplication      : Running with Spring Boot v2.6.2, Spring v5.3.14
2021-12-28 07:03:23.038  INFO 36556 --- [restartedMain] c.b.e.EmployeePayRollAppApplication      : The following profiles are active: DEV
2021-12-28 07:03:28.567  WARN 36556 --- [restartedMain] JpaBaseConfiguration$JpaWebConfiguration : spring.jpa.open-in-view is enabled by default. Therefore, database queries may be performed during view rendering. Explicitly configure spring.jpa.open-in-view to disable this warning
2021-12-28 07:03:29.265  INFO 36556 --- [restartedMain] c.b.e.EmployeePayRollAppApplication      : Started EmployeePayRollAppApplication in 7.178 seconds (JVM running for 8.065)
2021-12-28 07:03:29.278  INFO 36556 --- [restartedMain] c.b.e.EmployeePayRollAppApplication      : Employee Payroll App Started in DEV Environment
2021-12-28 07:03:29.283  INFO 36556 --- [restartedMain] c.b.e.EmployeePayRollAppApplication      : Employee Payroll DB User is payrolluser Environment
2021-12-28 07:03:38.132  WARN 36556 --- [http-nio-8080-exec-2] .m.m.a.ExceptionHandlerExceptionResolver : Resolved [com.bridgelabz.employeepayrollapp.exceptions.EmployeePayRollException: Employee Not Found]
2021-12-28 08:56:33.294  INFO 28544 --- [restartedMain] c.b.e.EmployeePayRollAppApplication      : Starting EmployeePayRollAppApplication using Java 17.0.1 on Kiran with PID 28544 (E:\Spring\EmployeePayRollApp\target\classes started by Ki ran in E:\Spring\EmployeePayRollApp)
2021-12-28 08:56:33.309 DEBUG 28544 --- [restartedMain] c.b.e.EmployeePayRollAppApplication      : Running with Spring Boot v2.6.2, Spring v5.3.14
2021-12-28 08:56:33.334  INFO 28544 --- [restartedMain] c.b.e.EmployeePayRollAppApplication      : The following profiles are active: DEV
2021-12-28 08:56:40.987  WARN 28544 --- [restartedMain] JpaBaseConfiguration$JpaWebConfiguration : spring.jpa.open-in-view is enabled by default. Therefore, database queries may be performed during view rendering. Explicitly configure spring.jpa.open-in-view to disable this warning
2021-12-28 08:56:42.033  INFO 28544 --- [restartedMain] c.b.e.EmployeePayRollAppApplication      : Started EmployeePayRollAppApplication in 9.819 seconds (JVM running for 10.867)
2021-12-28 08:56:42.054  INFO 28544 --- [restartedMain] c.b.e.EmployeePayRollAppApplication      : Employee Payroll App Started in DEV Environment
2021-12-28 08:56:42.107  INFO 28544 --- [restartedMain] c.b.e.EmployeePayRollAppApplication      : Employee Payroll DB User is payrolluser Environment
2021-12-28 16:03:16.659  INFO 37644 --- [restartedMain] c.b.e.EmployeePayRollAppApplication      : Starting EmployeePayRollAppApplication using Java 17.0.1 on Kiran with PID 37644 (E:\Spring\EmployeePayRollApp\target\classes started by Ki ran in E:\Spring\EmployeePayRollApp)
2021-12-28 16:03:16.710 DEBUG 37644 --- [restartedMain] c.b.e.EmployeePayRollAppApplication      : Running with Spring Boot v2.6.2, Spring v5.3.14
2021-12-28 16:03:16.725  INFO 37644 --- [restartedMain] c.b.e.EmployeePayRollAppApplication      : The following profiles are active: DEV
2021-12-28 16:03:25.159  WARN 37644 --- [restartedMain] JpaBaseConfiguration$JpaWebConfiguration : spring.jpa.open-in-view is enabled by default. Therefore, database queries may be performed during view rendering. Explicitly configure spring.jpa.open-in-view to disable this warning
2021-12-28 16:03:25.921  INFO 37644 --- [restartedMain] c.b.e.EmployeePayRollAppApplication      : Started EmployeePayRollAppApplication in 10.169 seconds (JVM running for 11.411)
2021-12-28 16:03:25.966  INFO 37644 --- [restartedMain] c.b.e.EmployeePayRollAppApplication      : Employee Payroll App Started in DEV Environment
2021-12-28 16:03:25.976  INFO 37644 --- [restartedMain] c.b.e.EmployeePayRollAppApplication      : Employee Payroll DB User is payrolluser Environment
2021-12-28 16:06:30.854  WARN 37644 --- [http-nio-8080-exec-2] .w.s.m.s.DefaultHandlerExceptionResolver : Resolved [org.springframework.http.converter.HttpMessageNotReadableException: JSON parse error: Cannot deserialize value of type `java.time.LocalDate` from String "28-12-2021": Failed to deserialize java.time.LocalDate: (java.time.format.DateTimeParseException) Text '28-12-2021' could not be parsed at index 0; nested exception is com.fasterxml.jackson.databind.exc.InvalidFormatException: Cannot deserialize value of type `java.time.LocalDate` from String "28-12-2021": Failed to deserialize java.time.LocalDate: (java.time.format.DateTimeParseException) Text '28-12-2021' could not be parsed at index 0<EOL> at [Source: (PushbackInputStream); line: 5, column: 19] (through reference chain: com.bridgelabz.employeepayrollapp.dto.EmployeePayRollDTO["startDate"])]
2021-12-28 16:07:09.248  WARN 37644 --- [http-nio-8080-exec-4] .w.s.m.s.DefaultHandlerExceptionResolver : Resolved [org.springframework.http.converter.HttpMessageNotReadableException: JSON parse error: Cannot deserialize value of type `java.time.LocalDate` from String "28 dec 2021": Failed to deserialize java.time.LocalDate: (java.time.format.DateTimeParseException) Text '28 dec 2021' could not be parsed at index 0; nested exception is com.fasterxml.jackson.databind.exc.InvalidFormatException: Cannot deserialize value of type `java.time.LocalDate` from String "28 dec 2021": Failed to deserialize java.time.LocalDate: (java.time.format.DateTimeParseException) Text '28 dec 2021' could not be parsed at index 0<EOL> at [Source: (PushbackInputStream); line: 5, column: 19] (through reference chain: com.bridgelabz.employeepayrollapp.dto.EmployeePayRollDTO["startDate"])]
2021-12-28 16:07:16.902  WARN 37644 --- [http-nio-8080-exec-6] .w.s.m.s.DefaultHandlerExceptionResolver : Resolved [org.springframework.http.converter.HttpMessageNotReadableException: JSON parse error: Cannot deserialize value of type `java.time.LocalDate` from String "28 12 2021": Failed to deserialize java.time.LocalDate: (java.time.format.DateTimeParseException) Text '28 12 2021' could not be parsed at index 0; nested exception is com.fasterxml.jackson.databind.exc.InvalidFormatException: Cannot deserialize value of type `java.time.LocalDate` from String "28 12 2021": Failed to deserialize java.time.LocalDate: (java.time.format.DateTimeParseException) Text '28 12 2021' could not be parsed at index 0<EOL> at [Source: (PushbackInputStream); line: 5, column: 19] (through reference chain: com.bridgelabz.employeepayrollapp.dto.EmployeePayRollDTO["startDate"])]
2021-12-28 16:11:41.528  WARN 37644 --- [http-nio-8080-exec-8] .w.s.m.s.DefaultHandlerExceptionResolver : Resolved [org.springframework.http.converter.HttpMessageNotReadableException: JSON parse error: Cannot deserialize value of type `java.time.LocalDate` from String "(2021-12-28)": Failed to deserialize java.time.LocalDate: (java.time.format.DateTimeParseException) Text '(2021-12-28)' could not be parsed at index 0; nested exception is com.fasterxml.jackson.databind.exc.InvalidFormatException: Cannot deserialize value of type `java.time.LocalDate` from String "(2021-12-28)": Failed to deserialize java.time.LocalDate: (java.time.format.DateTimeParseException) Text '(2021-12-28)' could not be parsed at index 0<EOL> at [Source: (PushbackInputStream); line: 5, column: 19] (through reference chain: com.bridgelabz.employeepayrollapp.dto.EmployeePayRollDTO["startDate"])]
2021-12-28 16:29:17.315  WARN 37644 --- [HikariPool-1 housekeeper] com.zaxxer.hikari.pool.HikariPool        : HikariPool-1 - Thread starvation or clock leap detected (housekeeper delta=16m53s602ms683µs).
2021-12-28 16:32:35.641  INFO 37644 --- [restartedMain] c.b.e.EmployeePayRollAppApplication      : Starting EmployeePayRollAppApplication using Java 17.0.1 on Kiran with PID 37644 (E:\Spring\EmployeePayRollApp\target\classes started by Ki ran in E:\Spring\EmployeePayRollApp)
2021-12-28 16:32:35.646 DEBUG 37644 --- [restartedMain] c.b.e.EmployeePayRollAppApplication      : Running with Spring Boot v2.6.2, Spring v5.3.14
2021-12-28 16:32:35.663  INFO 37644 --- [restartedMain] c.b.e.EmployeePayRollAppApplication      : The following profiles are active: DEV
2021-12-28 16:32:37.445  WARN 37644 --- [restartedMain] JpaBaseConfiguration$JpaWebConfiguration : spring.jpa.open-in-view is enabled by default. Therefore, database queries may be performed during view rendering. Explicitly configure spring.jpa.open-in-view to disable this warning
2021-12-28 16:32:37.988  INFO 37644 --- [restartedMain] c.b.e.EmployeePayRollAppApplication      : Started EmployeePayRollAppApplication in 2.486 seconds (JVM running for 1763.485)
2021-12-28 16:32:37.995  INFO 37644 --- [restartedMain] c.b.e.EmployeePayRollAppApplication      : Employee Payroll App Started in DEV Environment
2021-12-28 16:32:37.998  INFO 37644 --- [restartedMain] c.b.e.EmployeePayRollAppApplication      : Employee Payroll DB User is payrolluser Environment
2021-12-28 16:32:54.524  WARN 37644 --- [http-nio-8080-exec-2] .w.s.m.s.DefaultHandlerExceptionResolver : Resolved [org.springframework.http.converter.HttpMessageNotReadableException: JSON parse error: Cannot construct instance of `java.util.ArrayList` (although at least one Creator exists): no String-argument constructor/factory method to deserialize from String value ('sales'); nested exception is com.fasterxml.jackson.databind.exc.MismatchedInputException: Cannot construct instance of `java.util.ArrayList` (although at least one Creator exists): no String-argument constructor/factory method to deserialize from String value ('sales')<EOL> at [Source: (PushbackInputStream); line: 8, column: 21] (through reference chain: com.bridgelabz.employeepayrollapp.dto.EmployeePayRollDTO["departments"])]
2021-12-28 16:33:24.924  WARN 37644 --- [http-nio-8080-exec-4] .w.s.m.s.DefaultHandlerExceptionResolver : Resolved [org.springframework.http.converter.HttpMessageNotReadableException: JSON parse error: Cannot construct instance of `java.util.ArrayList` (although at least one Creator exists): no String-argument constructor/factory method to deserialize from String value ('HR,sales'); nested exception is com.fasterxml.jackson.databind.exc.MismatchedInputException: Cannot construct instance of `java.util.ArrayList` (although at least one Creator exists): no String-argument constructor/factory method to deserialize from String value ('HR,sales')<EOL> at [Source: (PushbackInputStream); line: 8, column: 21] (through reference chain: com.bridgelabz.employeepayrollapp.dto.EmployeePayRollDTO["departments"])]
2021-12-28 16:34:02.345 DEBUG 37644 --- [http-nio-8080-exec-6] c.b.e.c.EmployeePayRollController        : EmployeeDTO : EmployeePayRollDTO(name=Sreyas, salary=30000, gender=male, startDate=2021-12-28, note=Save, profilePic=something, departments=[HR, Sales])
2021-12-28 16:35:17.371  INFO 37644 --- [restartedMain] c.b.e.EmployeePayRollAppApplication      : Starting EmployeePayRollAppApplication using Java 17.0.1 on Kiran with PID 37644 (E:\Spring\EmployeePayRollApp\target\classes started by Ki ran in E:\Spring\EmployeePayRollApp)
2021-12-28 16:35:17.375 DEBUG 37644 --- [restartedMain] c.b.e.EmployeePayRollAppApplication      : Running with Spring Boot v2.6.2, Spring v5.3.14
2021-12-28 16:35:17.376  INFO 37644 --- [restartedMain] c.b.e.EmployeePayRollAppApplication      : The following profiles are active: DEV
2021-12-28 16:35:18.312  WARN 37644 --- [restartedMain] JpaBaseConfiguration$JpaWebConfiguration : spring.jpa.open-in-view is enabled by default. Therefore, database queries may be performed during view rendering. Explicitly configure spring.jpa.open-in-view to disable this warning
2021-12-28 16:35:18.566  INFO 37644 --- [restartedMain] c.b.e.EmployeePayRollAppApplication      : Started EmployeePayRollAppApplication in 1.307 seconds (JVM running for 1924.063)
2021-12-28 16:35:18.728  INFO 37644 --- [restartedMain] c.b.e.EmployeePayRollAppApplication      : Employee Payroll App Started in DEV Environment
2021-12-28 16:35:18.836  INFO 37644 --- [restartedMain] c.b.e.EmployeePayRollAppApplication      : Employee Payroll DB User is payrolluser Environment
2021-12-28 16:35:38.528  INFO 37644 --- [restartedMain] c.b.e.EmployeePayRollAppApplication      : Starting EmployeePayRollAppApplication using Java 17.0.1 on Kiran with PID 37644 (E:\Spring\EmployeePayRollApp\target\classes started by Ki ran in E:\Spring\EmployeePayRollApp)
2021-12-28 16:35:38.531 DEBUG 37644 --- [restartedMain] c.b.e.EmployeePayRollAppApplication      : Running with Spring Boot v2.6.2, Spring v5.3.14
2021-12-28 16:35:38.534  INFO 37644 --- [restartedMain] c.b.e.EmployeePayRollAppApplication      : The following profiles are active: DEV
2021-12-28 16:35:40.143  WARN 37644 --- [restartedMain] JpaBaseConfiguration$JpaWebConfiguration : spring.jpa.open-in-view is enabled by default. Therefore, database queries may be performed during view rendering. Explicitly configure spring.jpa.open-in-view to disable this warning
2021-12-28 16:35:40.525  INFO 37644 --- [restartedMain] c.b.e.EmployeePayRollAppApplication      : Started EmployeePayRollAppApplication in 2.059 seconds (JVM running for 1946.022)
2021-12-28 16:35:40.529  INFO 37644 --- [restartedMain] c.b.e.EmployeePayRollAppApplication      : Employee Payroll App Started in DEV Environment
2021-12-28 16:35:40.531  INFO 37644 --- [restartedMain] c.b.e.EmployeePayRollAppApplication      : Employee Payroll DB User is payrolluser Environment
2021-12-28 16:36:16.119  INFO 37644 --- [restartedMain] c.b.e.EmployeePayRollAppApplication      : Starting EmployeePayRollAppApplication using Java 17.0.1 on Kiran with PID 37644 (E:\Spring\EmployeePayRollApp\target\classes started by Ki ran in E:\Spring\EmployeePayRollApp)
2021-12-28 16:36:16.121 DEBUG 37644 --- [restartedMain] c.b.e.EmployeePayRollAppApplication      : Running with Spring Boot v2.6.2, Spring v5.3.14
2021-12-28 16:36:16.151  INFO 37644 --- [restartedMain] c.b.e.EmployeePayRollAppApplication      : The following profiles are active: DEV
2021-12-28 16:36:17.072  WARN 37644 --- [restartedMain] JpaBaseConfiguration$JpaWebConfiguration : spring.jpa.open-in-view is enabled by default. Therefore, database queries may be performed during view rendering. Explicitly configure spring.jpa.open-in-view to disable this warning
2021-12-28 16:36:17.270  INFO 37644 --- [restartedMain] c.b.e.EmployeePayRollAppApplication      : Started EmployeePayRollAppApplication in 1.519 seconds (JVM running for 1982.767)
2021-12-28 16:36:17.275  INFO 37644 --- [restartedMain] c.b.e.EmployeePayRollAppApplication      : Employee Payroll App Started in DEV Environment
2021-12-28 16:36:17.279  INFO 37644 --- [restartedMain] c.b.e.EmployeePayRollAppApplication      : Employee Payroll DB User is payrolluser Environment
2021-12-28 16:36:18.099 DEBUG 37644 --- [http-nio-8080-exec-2] c.b.e.c.EmployeePayRollController        : EmployeeDTO : EmployeePayRollDTO(name=Sreyas, salary=30000, gender=male, startDate=2021-12-28, note=Save, profilePic=something, departments=[HR, Sales])
2021-12-28 16:36:26.850 DEBUG 37644 --- [http-nio-8080-exec-3] c.b.e.c.EmployeePayRollController        : EmployeeDTO : EmployeePayRollDTO(name=Kiran, salary=30000, gender=male, startDate=2021-12-28, note=Save, profilePic=something, departments=[HR, Sales])
2021-12-28 16:36:34.893 DEBUG 37644 --- [http-nio-8080-exec-4] c.b.e.c.EmployeePayRollController        : EmployeeDTO : EmployeePayRollDTO(name=Karthik, salary=30000, gender=male, startDate=2021-12-28, note=Save, profilePic=something, departments=[HR, Sales])
2021-12-28 16:38:08.261  WARN 37644 --- [http-nio-8080-exec-8] .w.s.m.s.DefaultHandlerExceptionResolver : Resolved [org.springframework.http.converter.HttpMessageNotReadableException: JSON parse error: Cannot deserialize value of type `java.time.LocalDate` from String "2021-12-28": Failed to deserialize java.time.LocalDate: (java.time.format.DateTimeParseException) Text '2021-12-28' could not be parsed at index 2; nested exception is com.fasterxml.jackson.databind.exc.InvalidFormatException: Cannot deserialize value of type `java.time.LocalDate` from String "2021-12-28": Failed to deserialize java.time.LocalDate: (java.time.format.DateTimeParseException) Text '2021-12-28' could not be parsed at index 2<EOL> at [Source: (PushbackInputStream); line: 6, column: 26] (through reference chain: com.bridgelabz.employeepayrollapp.dto.EmployeePayRollDTO["startDate"])]
2021-12-28 16:38:55.193  WARN 37644 --- [http-nio-8080-exec-2] .m.m.a.ExceptionHandlerExceptionResolver : Resolved [com.bridgelabz.employeepayrollapp.exceptions.EmployeePayRollException: Employee Not Found]
2021-12-28 16:39:29.004  INFO 37644 --- [restartedMain] c.b.e.EmployeePayRollAppApplication      : Starting EmployeePayRollAppApplication using Java 17.0.1 on Kiran with PID 37644 (E:\Spring\EmployeePayRollApp\target\classes started by Ki ran in E:\Spring\EmployeePayRollApp)
2021-12-28 16:39:29.007 DEBUG 37644 --- [restartedMain] c.b.e.EmployeePayRollAppApplication      : Running with Spring Boot v2.6.2, Spring v5.3.14
2021-12-28 16:39:29.009  INFO 37644 --- [restartedMain] c.b.e.EmployeePayRollAppApplication      : The following profiles are active: DEV
2021-12-28 16:39:29.817  WARN 37644 --- [restartedMain] JpaBaseConfiguration$JpaWebConfiguration : spring.jpa.open-in-view is enabled by default. Therefore, database queries may be performed during view rendering. Explicitly configure spring.jpa.open-in-view to disable this warning
2021-12-28 16:39:30.165  INFO 37644 --- [restartedMain] c.b.e.EmployeePayRollAppApplication      : Started EmployeePayRollAppApplication in 1.223 seconds (JVM running for 2175.662)
2021-12-28 16:39:30.271  INFO 37644 --- [restartedMain] c.b.e.EmployeePayRollAppApplication      : Employee Payroll App Started in DEV Environment
2021-12-28 16:39:30.277  INFO 37644 --- [restartedMain] c.b.e.EmployeePayRollAppApplication      : Employee Payroll DB User is payrolluser Environment
